<?xml version="1.0" encoding="UTF-8"?>
<testng-results skipped="0" failed="0" total="1" passed="1">
  <reporter-output>
  </reporter-output>
  <suite name="Default suite" duration-ms="18352" started-at="2022-08-10T16:27:07Z" finished-at="2022-08-10T16:27:25Z">
    <groups>
    </groups>
    <test name="Default test" duration-ms="18352" started-at="2022-08-10T16:27:07Z" finished-at="2022-08-10T16:27:25Z">
      <class name="com.mln.android.AndriodDemo">
        <test-method status="PASS" signature="beforeTest()[pri:0, instance:com.mln.android.AndriodDemo@38082d64]" name="beforeTest" is-config="true" duration-ms="13205" started-at="2022-08-10T12:27:07Z" finished-at="2022-08-10T12:27:20Z">
          <reporter-output>
          </reporter-output>
        </test-method> <!-- beforeTest -->
        <test-method status="PASS" signature="f()[pri:0, instance:com.mln.android.AndriodDemo@38082d64]" name="f" duration-ms="4523" started-at="2022-08-10T12:27:20Z" finished-at="2022-08-10T12:27:25Z">
          <reporter-output>
          </reporter-output>
        </test-method> <!-- f -->
        <test-method status="PASS" signature="afterTest()[pri:0, instance:com.mln.android.AndriodDemo@38082d64]" name="afterTest" is-config="true" duration-ms="607" started-at="2022-08-10T12:27:25Z" finished-at="2022-08-10T12:27:25Z">
          <reporter-output>
          </reporter-output>
        </test-method> <!-- afterTest -->
      </class> <!-- com.mln.android.AndriodDemo -->
    </test> <!-- Default test -->
  </suite> <!-- Default suite -->
</testng-results>
